2017-03-19 16:53:36 INFO  org.hibernate.annotations.common.Version     - HCANN000001: Hibernate Commons Annotations {4.0.5.Final}
2017-03-19 16:53:36 INFO  org.hibernate.Version     - HHH000412: Hibernate Core {4.3.6.Final}
2017-03-19 16:53:36 INFO  org.hibernate.cfg.Environment     - HHH000206: hibernate.properties not found
2017-03-19 16:53:36 INFO  org.hibernate.cfg.Environment     - HHH000021: Bytecode provider name : javassist
2017-03-19 16:53:36 INFO  org.hibernate.cfg.Configuration     - HHH000044: Configuring from URL: file:/D:/WS/eclipsejava/hibernatetest/target/classes/hibernate.cfg.xml
2017-03-19 16:53:36 WARN  org.hibernate.internal.util.xml.DTDEntityResolver     - HHH000223: Recognized obsolete hibernate namespace http://hibernate.sourceforge.net/. Use namespace http://www.hibernate.org/dtd/ instead. Refer to Hibernate 3.6 Migration Guide!
2017-03-19 16:54:04 INFO  org.hibernate.annotations.common.Version     - HCANN000001: Hibernate Commons Annotations {4.0.5.Final}
2017-03-19 16:54:04 INFO  org.hibernate.Version     - HHH000412: Hibernate Core {4.3.6.Final}
2017-03-19 16:54:04 INFO  org.hibernate.cfg.Environment     - HHH000206: hibernate.properties not found
2017-03-19 16:54:04 INFO  org.hibernate.cfg.Environment     - HHH000021: Bytecode provider name : javassist
2017-03-19 16:54:04 INFO  org.hibernate.cfg.Configuration     - HHH000044: Configuring from URL: file:/D:/WS/eclipsejava/hibernatetest/target/classes/hibernate.cfg.xml
2017-03-19 16:54:04 WARN  org.hibernate.internal.util.xml.DTDEntityResolver     - HHH000223: Recognized obsolete hibernate namespace http://hibernate.sourceforge.net/. Use namespace http://www.hibernate.org/dtd/ instead. Refer to Hibernate 3.6 Migration Guide!
2017-03-19 16:54:04 INFO  org.hibernate.cfg.Configuration     - HHH000041: Configured SessionFactory: null
2017-03-19 16:54:04 WARN  org.hibernate.engine.jdbc.connections.internal.DriverManagerConnectionProviderImpl     - HHH000402: Using Hibernate built-in connection pool (not for production use!)
2017-03-19 16:54:04 INFO  org.hibernate.engine.jdbc.connections.internal.DriverManagerConnectionProviderImpl     - HHH000401: using driver [org.hsqldb.jdbcDriver] at URL [jdbc:hsqldb:mem:chilidemo]
2017-03-19 16:54:04 INFO  org.hibernate.engine.jdbc.connections.internal.DriverManagerConnectionProviderImpl     - HHH000046: Connection properties: {user=sa, password=****}
2017-03-19 16:54:04 INFO  org.hibernate.engine.jdbc.connections.internal.DriverManagerConnectionProviderImpl     - HHH000006: Autocommit mode: false
2017-03-19 16:54:04 INFO  org.hibernate.engine.jdbc.connections.internal.DriverManagerConnectionProviderImpl     - HHH000115: Hibernate connection pool size: 20 (min=1)
2017-03-19 16:54:04 INFO  org.hibernate.dialect.Dialect     - HHH000400: Using dialect: org.hibernate.dialect.HSQLDialect
2017-03-19 16:54:04 INFO  org.hibernate.engine.jdbc.internal.LobCreatorBuilder     - HHH000423: Disabling contextual LOB creation as JDBC driver reported JDBC version [3] less than 4
2017-03-19 16:54:04 INFO  org.hibernate.engine.transaction.internal.TransactionFactoryInitiator     - HHH000399: Using default transaction strategy (direct JDBC transactions)
2017-03-19 16:54:04 INFO  org.hibernate.hql.internal.ast.ASTQueryTranslatorFactory     - HHH000397: Using ASTQueryTranslatorFactory
2017-03-19 16:54:04 INFO  org.hibernate.tool.hbm2ddl.SchemaExport     - HHH000227: Running hbm2ddl schema export
2017-03-19 16:54:04 INFO  org.hibernate.tool.hbm2ddl.SchemaExport     - HHH000230: Schema export complete
2017-03-19 16:54:04 INFO  org.hibernate.engine.jdbc.connections.internal.DriverManagerConnectionProviderImpl     - HHH000030: Cleaning up connection pool [jdbc:hsqldb:mem:chilidemo]
2017-03-19 16:55:38 INFO  org.hibernate.annotations.common.Version     - HCANN000001: Hibernate Commons Annotations {4.0.5.Final}
2017-03-19 16:55:38 INFO  org.hibernate.Version     - HHH000412: Hibernate Core {4.3.6.Final}
2017-03-19 16:55:38 INFO  org.hibernate.cfg.Environment     - HHH000206: hibernate.properties not found
2017-03-19 16:55:38 INFO  org.hibernate.cfg.Environment     - HHH000021: Bytecode provider name : javassist
2017-03-19 16:55:38 INFO  org.hibernate.cfg.Configuration     - HHH000044: Configuring from URL: file:/D:/WS/eclipsejava/hibernatetest/target/classes/hibernate.cfg.xml
2017-03-19 16:55:38 WARN  org.hibernate.internal.util.xml.DTDEntityResolver     - HHH000223: Recognized obsolete hibernate namespace http://hibernate.sourceforge.net/. Use namespace http://www.hibernate.org/dtd/ instead. Refer to Hibernate 3.6 Migration Guide!
2017-03-19 16:55:38 INFO  org.hibernate.cfg.Configuration     - HHH000041: Configured SessionFactory: null
2017-03-19 16:55:38 WARN  org.hibernate.engine.jdbc.connections.internal.DriverManagerConnectionProviderImpl     - HHH000402: Using Hibernate built-in connection pool (not for production use!)
2017-03-19 16:55:38 INFO  org.hibernate.engine.jdbc.connections.internal.DriverManagerConnectionProviderImpl     - HHH000401: using driver [org.hsqldb.jdbcDriver] at URL [jdbc:hsqldb:mem:chilidemo]
2017-03-19 16:55:38 INFO  org.hibernate.engine.jdbc.connections.internal.DriverManagerConnectionProviderImpl     - HHH000046: Connection properties: {user=sa, password=****}
2017-03-19 16:55:38 INFO  org.hibernate.engine.jdbc.connections.internal.DriverManagerConnectionProviderImpl     - HHH000006: Autocommit mode: false
2017-03-19 16:55:38 INFO  org.hibernate.engine.jdbc.connections.internal.DriverManagerConnectionProviderImpl     - HHH000115: Hibernate connection pool size: 20 (min=1)
2017-03-19 16:55:38 INFO  org.hibernate.dialect.Dialect     - HHH000400: Using dialect: org.hibernate.dialect.HSQLDialect
2017-03-19 16:55:38 INFO  org.hibernate.engine.jdbc.internal.LobCreatorBuilder     - HHH000423: Disabling contextual LOB creation as JDBC driver reported JDBC version [3] less than 4
2017-03-19 16:55:38 INFO  org.hibernate.engine.transaction.internal.TransactionFactoryInitiator     - HHH000399: Using default transaction strategy (direct JDBC transactions)
2017-03-19 16:55:38 INFO  org.hibernate.hql.internal.ast.ASTQueryTranslatorFactory     - HHH000397: Using ASTQueryTranslatorFactory
2017-03-19 16:55:38 INFO  org.hibernate.tool.hbm2ddl.SchemaExport     - HHH000227: Running hbm2ddl schema export
2017-03-19 16:55:38 INFO  org.hibernate.tool.hbm2ddl.SchemaExport     - HHH000230: Schema export complete
2017-03-19 16:55:38 INFO  org.hibernate.engine.jdbc.connections.internal.DriverManagerConnectionProviderImpl     - HHH000030: Cleaning up connection pool [jdbc:hsqldb:mem:chilidemo]
2017-03-19 17:37:41 INFO  org.hibernate.annotations.common.Version     - HCANN000001: Hibernate Commons Annotations {4.0.5.Final}
2017-03-19 17:37:41 INFO  org.hibernate.Version     - HHH000412: Hibernate Core {4.3.6.Final}
2017-03-19 17:37:41 INFO  org.hibernate.cfg.Environment     - HHH000206: hibernate.properties not found
2017-03-19 17:37:41 INFO  org.hibernate.cfg.Environment     - HHH000021: Bytecode provider name : javassist
2017-03-19 17:37:41 INFO  org.hibernate.cfg.Configuration     - HHH000044: Configuring from URL: file:/D:/WS/eclipsejava/hibernatedemo/target/classes/hibernate.cfg.xml
2017-03-19 17:37:41 WARN  org.hibernate.internal.util.xml.DTDEntityResolver     - HHH000223: Recognized obsolete hibernate namespace http://hibernate.sourceforge.net/. Use namespace http://www.hibernate.org/dtd/ instead. Refer to Hibernate 3.6 Migration Guide!
2017-03-19 17:37:41 INFO  org.hibernate.cfg.Configuration     - HHH000041: Configured SessionFactory: null
2017-03-19 17:37:41 WARN  org.hibernate.engine.jdbc.connections.internal.DriverManagerConnectionProviderImpl     - HHH000402: Using Hibernate built-in connection pool (not for production use!)
2017-03-19 17:37:41 INFO  org.hibernate.engine.jdbc.connections.internal.DriverManagerConnectionProviderImpl     - HHH000401: using driver [org.hsqldb.jdbcDriver] at URL [jdbc:hsqldb:mem:chilidemo]
2017-03-19 17:37:41 INFO  org.hibernate.engine.jdbc.connections.internal.DriverManagerConnectionProviderImpl     - HHH000046: Connection properties: {user=sa, password=****}
2017-03-19 17:37:41 INFO  org.hibernate.engine.jdbc.connections.internal.DriverManagerConnectionProviderImpl     - HHH000006: Autocommit mode: false
2017-03-19 17:37:41 INFO  org.hibernate.engine.jdbc.connections.internal.DriverManagerConnectionProviderImpl     - HHH000115: Hibernate connection pool size: 20 (min=1)
2017-03-19 17:37:41 INFO  org.hibernate.dialect.Dialect     - HHH000400: Using dialect: org.hibernate.dialect.HSQLDialect
2017-03-19 17:37:41 INFO  org.hibernate.engine.jdbc.internal.LobCreatorBuilder     - HHH000423: Disabling contextual LOB creation as JDBC driver reported JDBC version [3] less than 4
2017-03-19 17:37:41 INFO  org.hibernate.engine.transaction.internal.TransactionFactoryInitiator     - HHH000399: Using default transaction strategy (direct JDBC transactions)
2017-03-19 17:37:41 INFO  org.hibernate.hql.internal.ast.ASTQueryTranslatorFactory     - HHH000397: Using ASTQueryTranslatorFactory
2017-03-19 17:37:41 INFO  org.hibernate.tool.hbm2ddl.SchemaExport     - HHH000227: Running hbm2ddl schema export
2017-03-19 17:37:41 INFO  org.hibernate.tool.hbm2ddl.SchemaExport     - HHH000230: Schema export complete
2017-03-19 17:37:41 WARN  org.hibernate.engine.jdbc.spi.SqlExceptionHelper     - SQL Error: -20, SQLState: IM001
2017-03-19 17:37:41 ERROR org.hibernate.engine.jdbc.spi.SqlExceptionHelper     - This function is not supported
2017-03-19 17:40:50 INFO  org.hibernate.annotations.common.Version     - HCANN000001: Hibernate Commons Annotations {4.0.5.Final}
2017-03-19 17:40:50 INFO  org.hibernate.Version     - HHH000412: Hibernate Core {4.3.6.Final}
2017-03-19 17:40:50 INFO  org.hibernate.cfg.Environment     - HHH000206: hibernate.properties not found
2017-03-19 17:40:50 INFO  org.hibernate.cfg.Environment     - HHH000021: Bytecode provider name : javassist
2017-03-19 17:40:50 INFO  org.hibernate.cfg.Configuration     - HHH000044: Configuring from URL: file:/D:/WS/eclipsejava/hibernatedemo/target/classes/hibernate.cfg.xml
2017-03-19 17:40:50 WARN  org.hibernate.internal.util.xml.DTDEntityResolver     - HHH000223: Recognized obsolete hibernate namespace http://hibernate.sourceforge.net/. Use namespace http://www.hibernate.org/dtd/ instead. Refer to Hibernate 3.6 Migration Guide!
2017-03-19 17:40:50 INFO  org.hibernate.cfg.Configuration     - HHH000041: Configured SessionFactory: null
2017-03-19 17:40:50 WARN  org.hibernate.engine.jdbc.connections.internal.DriverManagerConnectionProviderImpl     - HHH000402: Using Hibernate built-in connection pool (not for production use!)
2017-03-19 17:40:50 INFO  org.hibernate.engine.jdbc.connections.internal.DriverManagerConnectionProviderImpl     - HHH000401: using driver [org.hsqldb.jdbcDriver] at URL [jdbc:hsqldb:mem:chilidemo]
2017-03-19 17:40:50 INFO  org.hibernate.engine.jdbc.connections.internal.DriverManagerConnectionProviderImpl     - HHH000046: Connection properties: {user=sa, password=****}
2017-03-19 17:40:50 INFO  org.hibernate.engine.jdbc.connections.internal.DriverManagerConnectionProviderImpl     - HHH000006: Autocommit mode: false
2017-03-19 17:40:50 INFO  org.hibernate.engine.jdbc.connections.internal.DriverManagerConnectionProviderImpl     - HHH000115: Hibernate connection pool size: 20 (min=1)
2017-03-19 17:40:50 INFO  org.hibernate.dialect.Dialect     - HHH000400: Using dialect: org.hibernate.dialect.HSQLDialect
2017-03-19 17:40:50 INFO  org.hibernate.engine.jdbc.internal.LobCreatorBuilder     - HHH000423: Disabling contextual LOB creation as JDBC driver reported JDBC version [3] less than 4
2017-03-19 17:40:50 INFO  org.hibernate.engine.transaction.internal.TransactionFactoryInitiator     - HHH000399: Using default transaction strategy (direct JDBC transactions)
2017-03-19 17:40:50 INFO  org.hibernate.hql.internal.ast.ASTQueryTranslatorFactory     - HHH000397: Using ASTQueryTranslatorFactory
2017-03-19 17:40:50 INFO  org.hibernate.tool.hbm2ddl.SchemaExport     - HHH000227: Running hbm2ddl schema export
2017-03-19 17:40:50 INFO  org.hibernate.tool.hbm2ddl.SchemaExport     - HHH000230: Schema export complete
2017-03-19 17:41:52 INFO  org.hibernate.annotations.common.Version     - HCANN000001: Hibernate Commons Annotations {4.0.5.Final}
2017-03-19 17:41:52 INFO  org.hibernate.Version     - HHH000412: Hibernate Core {4.3.6.Final}
2017-03-19 17:41:52 INFO  org.hibernate.cfg.Environment     - HHH000206: hibernate.properties not found
2017-03-19 17:41:52 INFO  org.hibernate.cfg.Environment     - HHH000021: Bytecode provider name : javassist
2017-03-19 17:41:52 INFO  org.hibernate.cfg.Configuration     - HHH000044: Configuring from URL: file:/D:/WS/eclipsejava/hibernatedemo/target/classes/hibernate.cfg.xml
2017-03-19 17:41:52 WARN  org.hibernate.internal.util.xml.DTDEntityResolver     - HHH000223: Recognized obsolete hibernate namespace http://hibernate.sourceforge.net/. Use namespace http://www.hibernate.org/dtd/ instead. Refer to Hibernate 3.6 Migration Guide!
2017-03-19 17:41:52 INFO  org.hibernate.cfg.Configuration     - HHH000041: Configured SessionFactory: null
2017-03-19 17:41:52 WARN  org.hibernate.engine.jdbc.connections.internal.DriverManagerConnectionProviderImpl     - HHH000402: Using Hibernate built-in connection pool (not for production use!)
2017-03-19 17:41:52 INFO  org.hibernate.engine.jdbc.connections.internal.DriverManagerConnectionProviderImpl     - HHH000401: using driver [org.hsqldb.jdbcDriver] at URL [jdbc:hsqldb:mem:chilidemo]
2017-03-19 17:41:52 INFO  org.hibernate.engine.jdbc.connections.internal.DriverManagerConnectionProviderImpl     - HHH000046: Connection properties: {user=sa, password=****}
2017-03-19 17:41:52 INFO  org.hibernate.engine.jdbc.connections.internal.DriverManagerConnectionProviderImpl     - HHH000006: Autocommit mode: false
2017-03-19 17:41:52 INFO  org.hibernate.engine.jdbc.connections.internal.DriverManagerConnectionProviderImpl     - HHH000115: Hibernate connection pool size: 20 (min=1)
2017-03-19 17:41:52 INFO  org.hibernate.dialect.Dialect     - HHH000400: Using dialect: org.hibernate.dialect.HSQLDialect
2017-03-19 17:41:52 INFO  org.hibernate.engine.jdbc.internal.LobCreatorBuilder     - HHH000423: Disabling contextual LOB creation as JDBC driver reported JDBC version [3] less than 4
2017-03-19 17:41:52 INFO  org.hibernate.engine.transaction.internal.TransactionFactoryInitiator     - HHH000399: Using default transaction strategy (direct JDBC transactions)
2017-03-19 17:41:52 INFO  org.hibernate.hql.internal.ast.ASTQueryTranslatorFactory     - HHH000397: Using ASTQueryTranslatorFactory
2017-03-19 17:41:52 INFO  org.hibernate.tool.hbm2ddl.SchemaExport     - HHH000227: Running hbm2ddl schema export
2017-03-19 17:41:52 INFO  org.hibernate.tool.hbm2ddl.SchemaExport     - HHH000230: Schema export complete
2017-03-19 17:41:52 WARN  org.hibernate.engine.jdbc.spi.SqlExceptionHelper     - SQL Error: -20, SQLState: IM001
2017-03-19 17:41:52 ERROR org.hibernate.engine.jdbc.spi.SqlExceptionHelper     - This function is not supported
2017-03-19 17:42:42 INFO  org.hibernate.annotations.common.Version     - HCANN000001: Hibernate Commons Annotations {4.0.5.Final}
2017-03-19 17:42:42 INFO  org.hibernate.Version     - HHH000412: Hibernate Core {4.3.6.Final}
2017-03-19 17:42:42 INFO  org.hibernate.cfg.Environment     - HHH000206: hibernate.properties not found
2017-03-19 17:42:42 INFO  org.hibernate.cfg.Environment     - HHH000021: Bytecode provider name : javassist
2017-03-19 17:42:42 INFO  org.hibernate.cfg.Configuration     - HHH000044: Configuring from URL: file:/D:/WS/eclipsejava/hibernatedemo/target/classes/hibernate.cfg.xml
2017-03-19 17:42:42 WARN  org.hibernate.internal.util.xml.DTDEntityResolver     - HHH000223: Recognized obsolete hibernate namespace http://hibernate.sourceforge.net/. Use namespace http://www.hibernate.org/dtd/ instead. Refer to Hibernate 3.6 Migration Guide!
2017-03-19 17:42:42 INFO  org.hibernate.cfg.Configuration     - HHH000041: Configured SessionFactory: null
2017-03-19 17:42:42 WARN  org.hibernate.engine.jdbc.connections.internal.DriverManagerConnectionProviderImpl     - HHH000402: Using Hibernate built-in connection pool (not for production use!)
2017-03-19 17:42:42 INFO  org.hibernate.engine.jdbc.connections.internal.DriverManagerConnectionProviderImpl     - HHH000401: using driver [org.hsqldb.jdbcDriver] at URL [jdbc:hsqldb:mem:chilidemo]
2017-03-19 17:42:42 INFO  org.hibernate.engine.jdbc.connections.internal.DriverManagerConnectionProviderImpl     - HHH000046: Connection properties: {user=sa, password=****}
2017-03-19 17:42:42 INFO  org.hibernate.engine.jdbc.connections.internal.DriverManagerConnectionProviderImpl     - HHH000006: Autocommit mode: false
2017-03-19 17:42:42 INFO  org.hibernate.engine.jdbc.connections.internal.DriverManagerConnectionProviderImpl     - HHH000115: Hibernate connection pool size: 20 (min=1)
2017-03-19 17:42:42 INFO  org.hibernate.dialect.Dialect     - HHH000400: Using dialect: org.hibernate.dialect.HSQLDialect
2017-03-19 17:42:42 INFO  org.hibernate.engine.jdbc.internal.LobCreatorBuilder     - HHH000423: Disabling contextual LOB creation as JDBC driver reported JDBC version [3] less than 4
2017-03-19 17:42:43 INFO  org.hibernate.engine.transaction.internal.TransactionFactoryInitiator     - HHH000399: Using default transaction strategy (direct JDBC transactions)
2017-03-19 17:42:43 INFO  org.hibernate.hql.internal.ast.ASTQueryTranslatorFactory     - HHH000397: Using ASTQueryTranslatorFactory
2017-03-19 17:42:43 INFO  org.hibernate.tool.hbm2ddl.SchemaExport     - HHH000227: Running hbm2ddl schema export
2017-03-19 17:42:43 INFO  org.hibernate.tool.hbm2ddl.SchemaExport     - HHH000230: Schema export complete
2017-03-19 17:42:43 WARN  org.hibernate.engine.jdbc.spi.SqlExceptionHelper     - SQL Error: -20, SQLState: IM001
2017-03-19 17:42:43 ERROR org.hibernate.engine.jdbc.spi.SqlExceptionHelper     - This function is not supported
2017-03-19 17:43:14 INFO  org.hibernate.annotations.common.Version     - HCANN000001: Hibernate Commons Annotations {4.0.5.Final}
2017-03-19 17:43:14 INFO  org.hibernate.Version     - HHH000412: Hibernate Core {4.3.6.Final}
2017-03-19 17:43:14 INFO  org.hibernate.cfg.Environment     - HHH000206: hibernate.properties not found
2017-03-19 17:43:14 INFO  org.hibernate.cfg.Environment     - HHH000021: Bytecode provider name : javassist
2017-03-19 17:43:14 INFO  org.hibernate.cfg.Configuration     - HHH000044: Configuring from URL: file:/D:/WS/eclipsejava/hibernatedemo/target/classes/hibernate.cfg.xml
2017-03-19 17:43:14 WARN  org.hibernate.internal.util.xml.DTDEntityResolver     - HHH000223: Recognized obsolete hibernate namespace http://hibernate.sourceforge.net/. Use namespace http://www.hibernate.org/dtd/ instead. Refer to Hibernate 3.6 Migration Guide!
2017-03-19 17:43:14 INFO  org.hibernate.cfg.Configuration     - HHH000041: Configured SessionFactory: null
2017-03-19 17:43:14 WARN  org.hibernate.engine.jdbc.connections.internal.DriverManagerConnectionProviderImpl     - HHH000402: Using Hibernate built-in connection pool (not for production use!)
2017-03-19 17:43:14 INFO  org.hibernate.engine.jdbc.connections.internal.DriverManagerConnectionProviderImpl     - HHH000401: using driver [org.hsqldb.jdbcDriver] at URL [jdbc:hsqldb:mem:chilidemo]
2017-03-19 17:43:14 INFO  org.hibernate.engine.jdbc.connections.internal.DriverManagerConnectionProviderImpl     - HHH000046: Connection properties: {user=sa, password=****}
2017-03-19 17:43:14 INFO  org.hibernate.engine.jdbc.connections.internal.DriverManagerConnectionProviderImpl     - HHH000006: Autocommit mode: false
2017-03-19 17:43:14 INFO  org.hibernate.engine.jdbc.connections.internal.DriverManagerConnectionProviderImpl     - HHH000115: Hibernate connection pool size: 20 (min=1)
2017-03-19 17:43:14 INFO  org.hibernate.dialect.Dialect     - HHH000400: Using dialect: org.hibernate.dialect.HSQLDialect
2017-03-19 17:43:14 INFO  org.hibernate.engine.jdbc.internal.LobCreatorBuilder     - HHH000423: Disabling contextual LOB creation as JDBC driver reported JDBC version [3] less than 4
2017-03-19 17:43:14 INFO  org.hibernate.engine.transaction.internal.TransactionFactoryInitiator     - HHH000399: Using default transaction strategy (direct JDBC transactions)
2017-03-19 17:43:14 INFO  org.hibernate.hql.internal.ast.ASTQueryTranslatorFactory     - HHH000397: Using ASTQueryTranslatorFactory
2017-03-19 17:43:14 INFO  org.hibernate.tool.hbm2ddl.SchemaExport     - HHH000227: Running hbm2ddl schema export
2017-03-19 17:43:14 INFO  org.hibernate.tool.hbm2ddl.SchemaExport     - HHH000230: Schema export complete
2017-03-19 17:43:15 WARN  org.hibernate.engine.jdbc.spi.SqlExceptionHelper     - SQL Error: -20, SQLState: IM001
2017-03-19 17:43:15 ERROR org.hibernate.engine.jdbc.spi.SqlExceptionHelper     - This function is not supported
2017-03-19 17:43:35 INFO  org.hibernate.annotations.common.Version     - HCANN000001: Hibernate Commons Annotations {4.0.5.Final}
2017-03-19 17:43:35 INFO  org.hibernate.Version     - HHH000412: Hibernate Core {4.3.6.Final}
2017-03-19 17:43:35 INFO  org.hibernate.cfg.Environment     - HHH000206: hibernate.properties not found
2017-03-19 17:43:35 INFO  org.hibernate.cfg.Environment     - HHH000021: Bytecode provider name : javassist
2017-03-19 17:43:35 INFO  org.hibernate.cfg.Configuration     - HHH000044: Configuring from URL: file:/D:/WS/eclipsejava/hibernatedemo/target/classes/hibernate.cfg.xml
2017-03-19 17:43:35 WARN  org.hibernate.internal.util.xml.DTDEntityResolver     - HHH000223: Recognized obsolete hibernate namespace http://hibernate.sourceforge.net/. Use namespace http://www.hibernate.org/dtd/ instead. Refer to Hibernate 3.6 Migration Guide!
2017-03-19 17:43:35 INFO  org.hibernate.cfg.Configuration     - HHH000041: Configured SessionFactory: null
2017-03-19 17:43:35 WARN  org.hibernate.engine.jdbc.connections.internal.DriverManagerConnectionProviderImpl     - HHH000402: Using Hibernate built-in connection pool (not for production use!)
2017-03-19 17:43:35 INFO  org.hibernate.engine.jdbc.connections.internal.DriverManagerConnectionProviderImpl     - HHH000401: using driver [org.hsqldb.jdbcDriver] at URL [jdbc:hsqldb:mem:chilidemo]
2017-03-19 17:43:35 INFO  org.hibernate.engine.jdbc.connections.internal.DriverManagerConnectionProviderImpl     - HHH000046: Connection properties: {user=sa, password=****}
2017-03-19 17:43:35 INFO  org.hibernate.engine.jdbc.connections.internal.DriverManagerConnectionProviderImpl     - HHH000006: Autocommit mode: false
2017-03-19 17:43:35 INFO  org.hibernate.engine.jdbc.connections.internal.DriverManagerConnectionProviderImpl     - HHH000115: Hibernate connection pool size: 20 (min=1)
2017-03-19 17:43:35 INFO  org.hibernate.dialect.Dialect     - HHH000400: Using dialect: org.hibernate.dialect.HSQLDialect
2017-03-19 17:43:35 INFO  org.hibernate.engine.jdbc.internal.LobCreatorBuilder     - HHH000423: Disabling contextual LOB creation as JDBC driver reported JDBC version [3] less than 4
2017-03-19 17:43:35 INFO  org.hibernate.engine.transaction.internal.TransactionFactoryInitiator     - HHH000399: Using default transaction strategy (direct JDBC transactions)
2017-03-19 17:43:35 INFO  org.hibernate.hql.internal.ast.ASTQueryTranslatorFactory     - HHH000397: Using ASTQueryTranslatorFactory
2017-03-19 17:43:35 INFO  org.hibernate.tool.hbm2ddl.SchemaExport     - HHH000227: Running hbm2ddl schema export
2017-03-19 17:43:35 INFO  org.hibernate.tool.hbm2ddl.SchemaExport     - HHH000230: Schema export complete
2017-03-19 17:44:06 INFO  org.hibernate.annotations.common.Version     - HCANN000001: Hibernate Commons Annotations {4.0.5.Final}
2017-03-19 17:44:06 INFO  org.hibernate.Version     - HHH000412: Hibernate Core {4.3.6.Final}
2017-03-19 17:44:06 INFO  org.hibernate.cfg.Environment     - HHH000206: hibernate.properties not found
2017-03-19 17:44:06 INFO  org.hibernate.cfg.Environment     - HHH000021: Bytecode provider name : javassist
2017-03-19 17:44:06 INFO  org.hibernate.cfg.Configuration     - HHH000044: Configuring from URL: file:/D:/WS/eclipsejava/hibernatedemo/target/classes/hibernate.cfg.xml
2017-03-19 17:44:06 WARN  org.hibernate.internal.util.xml.DTDEntityResolver     - HHH000223: Recognized obsolete hibernate namespace http://hibernate.sourceforge.net/. Use namespace http://www.hibernate.org/dtd/ instead. Refer to Hibernate 3.6 Migration Guide!
2017-03-19 17:44:06 INFO  org.hibernate.cfg.Configuration     - HHH000041: Configured SessionFactory: null
2017-03-19 17:44:06 WARN  org.hibernate.engine.jdbc.connections.internal.DriverManagerConnectionProviderImpl     - HHH000402: Using Hibernate built-in connection pool (not for production use!)
2017-03-19 17:44:06 INFO  org.hibernate.engine.jdbc.connections.internal.DriverManagerConnectionProviderImpl     - HHH000401: using driver [org.hsqldb.jdbcDriver] at URL [jdbc:hsqldb:mem:chilidemo]
2017-03-19 17:44:06 INFO  org.hibernate.engine.jdbc.connections.internal.DriverManagerConnectionProviderImpl     - HHH000046: Connection properties: {user=sa, password=****}
2017-03-19 17:44:06 INFO  org.hibernate.engine.jdbc.connections.internal.DriverManagerConnectionProviderImpl     - HHH000006: Autocommit mode: false
2017-03-19 17:44:06 INFO  org.hibernate.engine.jdbc.connections.internal.DriverManagerConnectionProviderImpl     - HHH000115: Hibernate connection pool size: 20 (min=1)
2017-03-19 17:44:06 INFO  org.hibernate.dialect.Dialect     - HHH000400: Using dialect: org.hibernate.dialect.HSQLDialect
2017-03-19 17:44:06 INFO  org.hibernate.engine.jdbc.internal.LobCreatorBuilder     - HHH000423: Disabling contextual LOB creation as JDBC driver reported JDBC version [3] less than 4
2017-03-19 17:44:06 INFO  org.hibernate.engine.transaction.internal.TransactionFactoryInitiator     - HHH000399: Using default transaction strategy (direct JDBC transactions)
2017-03-19 17:44:06 INFO  org.hibernate.hql.internal.ast.ASTQueryTranslatorFactory     - HHH000397: Using ASTQueryTranslatorFactory
2017-03-19 17:44:06 INFO  org.hibernate.tool.hbm2ddl.SchemaExport     - HHH000227: Running hbm2ddl schema export
2017-03-19 17:44:06 INFO  org.hibernate.tool.hbm2ddl.SchemaExport     - HHH000230: Schema export complete
2017-03-19 17:45:32 INFO  org.hibernate.annotations.common.Version     - HCANN000001: Hibernate Commons Annotations {4.0.5.Final}
2017-03-19 17:45:32 INFO  org.hibernate.Version     - HHH000412: Hibernate Core {4.3.6.Final}
2017-03-19 17:45:32 INFO  org.hibernate.cfg.Environment     - HHH000206: hibernate.properties not found
2017-03-19 17:45:32 INFO  org.hibernate.cfg.Environment     - HHH000021: Bytecode provider name : javassist
2017-03-19 17:45:32 INFO  org.hibernate.cfg.Configuration     - HHH000044: Configuring from URL: file:/D:/WS/eclipsejava/hibernatedemo/target/classes/hibernate.cfg.xml
2017-03-19 17:45:32 WARN  org.hibernate.internal.util.xml.DTDEntityResolver     - HHH000223: Recognized obsolete hibernate namespace http://hibernate.sourceforge.net/. Use namespace http://www.hibernate.org/dtd/ instead. Refer to Hibernate 3.6 Migration Guide!
2017-03-19 17:45:32 INFO  org.hibernate.cfg.Configuration     - HHH000041: Configured SessionFactory: null
2017-03-19 17:45:32 WARN  org.hibernate.engine.jdbc.connections.internal.DriverManagerConnectionProviderImpl     - HHH000402: Using Hibernate built-in connection pool (not for production use!)
2017-03-19 17:45:32 INFO  org.hibernate.engine.jdbc.connections.internal.DriverManagerConnectionProviderImpl     - HHH000401: using driver [org.hsqldb.jdbcDriver] at URL [jdbc:hsqldb:mem:chilidemo]
2017-03-19 17:45:32 INFO  org.hibernate.engine.jdbc.connections.internal.DriverManagerConnectionProviderImpl     - HHH000046: Connection properties: {user=sa, password=****}
2017-03-19 17:45:32 INFO  org.hibernate.engine.jdbc.connections.internal.DriverManagerConnectionProviderImpl     - HHH000006: Autocommit mode: false
2017-03-19 17:45:32 INFO  org.hibernate.engine.jdbc.connections.internal.DriverManagerConnectionProviderImpl     - HHH000115: Hibernate connection pool size: 20 (min=1)
2017-03-19 17:45:32 INFO  org.hibernate.dialect.Dialect     - HHH000400: Using dialect: org.hibernate.dialect.HSQLDialect
2017-03-19 17:45:32 INFO  org.hibernate.engine.jdbc.internal.LobCreatorBuilder     - HHH000423: Disabling contextual LOB creation as JDBC driver reported JDBC version [3] less than 4
2017-03-19 17:45:32 INFO  org.hibernate.engine.transaction.internal.TransactionFactoryInitiator     - HHH000399: Using default transaction strategy (direct JDBC transactions)
2017-03-19 17:45:32 INFO  org.hibernate.hql.internal.ast.ASTQueryTranslatorFactory     - HHH000397: Using ASTQueryTranslatorFactory
2017-03-19 17:45:32 INFO  org.hibernate.tool.hbm2ddl.SchemaExport     - HHH000227: Running hbm2ddl schema export
2017-03-19 17:45:32 INFO  org.hibernate.tool.hbm2ddl.SchemaExport     - HHH000230: Schema export complete
2017-03-19 17:45:33 INFO  org.hibernate.engine.jdbc.connections.internal.DriverManagerConnectionProviderImpl     - HHH000030: Cleaning up connection pool [jdbc:hsqldb:mem:chilidemo]
2017-03-19 17:46:33 INFO  org.hibernate.annotations.common.Version     - HCANN000001: Hibernate Commons Annotations {4.0.5.Final}
2017-03-19 17:46:33 INFO  org.hibernate.Version     - HHH000412: Hibernate Core {4.3.6.Final}
2017-03-19 17:46:33 INFO  org.hibernate.cfg.Environment     - HHH000206: hibernate.properties not found
2017-03-19 17:46:33 INFO  org.hibernate.cfg.Environment     - HHH000021: Bytecode provider name : javassist
2017-03-19 17:46:33 INFO  org.hibernate.cfg.Configuration     - HHH000044: Configuring from URL: file:/D:/WS/eclipsejava/hibernatedemo/target/classes/hibernate.cfg.xml
2017-03-19 17:46:33 WARN  org.hibernate.internal.util.xml.DTDEntityResolver     - HHH000223: Recognized obsolete hibernate namespace http://hibernate.sourceforge.net/. Use namespace http://www.hibernate.org/dtd/ instead. Refer to Hibernate 3.6 Migration Guide!
2017-03-19 17:46:33 INFO  org.hibernate.cfg.Configuration     - HHH000041: Configured SessionFactory: null
2017-03-19 17:46:33 WARN  org.hibernate.engine.jdbc.connections.internal.DriverManagerConnectionProviderImpl     - HHH000402: Using Hibernate built-in connection pool (not for production use!)
2017-03-19 17:46:33 INFO  org.hibernate.engine.jdbc.connections.internal.DriverManagerConnectionProviderImpl     - HHH000401: using driver [org.hsqldb.jdbcDriver] at URL [jdbc:hsqldb:mem:chilidemo]
2017-03-19 17:46:33 INFO  org.hibernate.engine.jdbc.connections.internal.DriverManagerConnectionProviderImpl     - HHH000046: Connection properties: {user=sa, password=****}
2017-03-19 17:46:33 INFO  org.hibernate.engine.jdbc.connections.internal.DriverManagerConnectionProviderImpl     - HHH000006: Autocommit mode: false
2017-03-19 17:46:33 INFO  org.hibernate.engine.jdbc.connections.internal.DriverManagerConnectionProviderImpl     - HHH000115: Hibernate connection pool size: 20 (min=1)
2017-03-19 17:46:33 INFO  org.hibernate.dialect.Dialect     - HHH000400: Using dialect: org.hibernate.dialect.HSQLDialect
2017-03-19 17:46:33 INFO  org.hibernate.engine.jdbc.internal.LobCreatorBuilder     - HHH000423: Disabling contextual LOB creation as JDBC driver reported JDBC version [3] less than 4
2017-03-19 17:46:33 INFO  org.hibernate.engine.transaction.internal.TransactionFactoryInitiator     - HHH000399: Using default transaction strategy (direct JDBC transactions)
2017-03-19 17:46:33 INFO  org.hibernate.hql.internal.ast.ASTQueryTranslatorFactory     - HHH000397: Using ASTQueryTranslatorFactory
2017-03-19 17:46:33 INFO  org.hibernate.tool.hbm2ddl.SchemaExport     - HHH000227: Running hbm2ddl schema export
2017-03-19 17:46:33 INFO  org.hibernate.tool.hbm2ddl.SchemaExport     - HHH000230: Schema export complete
2017-03-19 17:46:51 INFO  org.hibernate.annotations.common.Version     - HCANN000001: Hibernate Commons Annotations {4.0.5.Final}
2017-03-19 17:46:51 INFO  org.hibernate.Version     - HHH000412: Hibernate Core {4.3.6.Final}
2017-03-19 17:46:51 INFO  org.hibernate.cfg.Environment     - HHH000206: hibernate.properties not found
2017-03-19 17:46:51 INFO  org.hibernate.cfg.Environment     - HHH000021: Bytecode provider name : javassist
2017-03-19 17:46:51 INFO  org.hibernate.cfg.Configuration     - HHH000044: Configuring from URL: file:/D:/WS/eclipsejava/hibernatedemo/target/classes/hibernate.cfg.xml
2017-03-19 17:46:51 WARN  org.hibernate.internal.util.xml.DTDEntityResolver     - HHH000223: Recognized obsolete hibernate namespace http://hibernate.sourceforge.net/. Use namespace http://www.hibernate.org/dtd/ instead. Refer to Hibernate 3.6 Migration Guide!
2017-03-19 17:46:51 INFO  org.hibernate.cfg.Configuration     - HHH000041: Configured SessionFactory: null
2017-03-19 17:46:51 WARN  org.hibernate.engine.jdbc.connections.internal.DriverManagerConnectionProviderImpl     - HHH000402: Using Hibernate built-in connection pool (not for production use!)
2017-03-19 17:46:51 INFO  org.hibernate.engine.jdbc.connections.internal.DriverManagerConnectionProviderImpl     - HHH000401: using driver [org.hsqldb.jdbcDriver] at URL [jdbc:hsqldb:mem:chilidemo]
2017-03-19 17:46:51 INFO  org.hibernate.engine.jdbc.connections.internal.DriverManagerConnectionProviderImpl     - HHH000046: Connection properties: {user=sa, password=****}
2017-03-19 17:46:51 INFO  org.hibernate.engine.jdbc.connections.internal.DriverManagerConnectionProviderImpl     - HHH000006: Autocommit mode: false
2017-03-19 17:46:51 INFO  org.hibernate.engine.jdbc.connections.internal.DriverManagerConnectionProviderImpl     - HHH000115: Hibernate connection pool size: 20 (min=1)
2017-03-19 17:46:51 INFO  org.hibernate.dialect.Dialect     - HHH000400: Using dialect: org.hibernate.dialect.HSQLDialect
2017-03-19 17:46:51 INFO  org.hibernate.engine.jdbc.internal.LobCreatorBuilder     - HHH000423: Disabling contextual LOB creation as JDBC driver reported JDBC version [3] less than 4
2017-03-19 17:46:51 INFO  org.hibernate.engine.transaction.internal.TransactionFactoryInitiator     - HHH000399: Using default transaction strategy (direct JDBC transactions)
2017-03-19 17:46:51 INFO  org.hibernate.hql.internal.ast.ASTQueryTranslatorFactory     - HHH000397: Using ASTQueryTranslatorFactory
2017-03-19 17:46:51 INFO  org.hibernate.tool.hbm2ddl.SchemaExport     - HHH000227: Running hbm2ddl schema export
2017-03-19 17:46:51 INFO  org.hibernate.tool.hbm2ddl.SchemaExport     - HHH000230: Schema export complete
2017-03-19 17:46:51 INFO  org.hibernate.engine.jdbc.connections.internal.DriverManagerConnectionProviderImpl     - HHH000030: Cleaning up connection pool [jdbc:hsqldb:mem:chilidemo]
2017-03-19 17:49:51 INFO  org.hibernate.annotations.common.Version     - HCANN000001: Hibernate Commons Annotations {4.0.5.Final}
2017-03-19 17:49:51 INFO  org.hibernate.Version     - HHH000412: Hibernate Core {4.3.6.Final}
2017-03-19 17:49:51 INFO  org.hibernate.cfg.Environment     - HHH000206: hibernate.properties not found
2017-03-19 17:49:51 INFO  org.hibernate.cfg.Environment     - HHH000021: Bytecode provider name : javassist
2017-03-19 17:49:51 INFO  org.hibernate.cfg.Configuration     - HHH000044: Configuring from URL: file:/D:/WS/eclipsejava/hibernatedemo/target/classes/hibernate.cfg.xml
2017-03-19 17:49:51 WARN  org.hibernate.internal.util.xml.DTDEntityResolver     - HHH000223: Recognized obsolete hibernate namespace http://hibernate.sourceforge.net/. Use namespace http://www.hibernate.org/dtd/ instead. Refer to Hibernate 3.6 Migration Guide!
2017-03-19 17:49:51 INFO  org.hibernate.cfg.Configuration     - HHH000041: Configured SessionFactory: null
2017-03-19 17:49:51 WARN  org.hibernate.engine.jdbc.connections.internal.DriverManagerConnectionProviderImpl     - HHH000402: Using Hibernate built-in connection pool (not for production use!)
2017-03-19 17:49:51 INFO  org.hibernate.engine.jdbc.connections.internal.DriverManagerConnectionProviderImpl     - HHH000401: using driver [org.hsqldb.jdbcDriver] at URL [jdbc:hsqldb:mem:chilidemo]
2017-03-19 17:49:51 INFO  org.hibernate.engine.jdbc.connections.internal.DriverManagerConnectionProviderImpl     - HHH000046: Connection properties: {user=sa, password=****}
2017-03-19 17:49:51 INFO  org.hibernate.engine.jdbc.connections.internal.DriverManagerConnectionProviderImpl     - HHH000006: Autocommit mode: false
2017-03-19 17:49:51 INFO  org.hibernate.engine.jdbc.connections.internal.DriverManagerConnectionProviderImpl     - HHH000115: Hibernate connection pool size: 20 (min=1)
2017-03-19 17:49:51 INFO  org.hibernate.dialect.Dialect     - HHH000400: Using dialect: org.hibernate.dialect.MySQL5Dialect
2017-03-19 17:49:51 INFO  org.hibernate.engine.jdbc.internal.LobCreatorBuilder     - HHH000423: Disabling contextual LOB creation as JDBC driver reported JDBC version [3] less than 4
2017-03-19 17:49:51 INFO  org.hibernate.engine.transaction.internal.TransactionFactoryInitiator     - HHH000399: Using default transaction strategy (direct JDBC transactions)
2017-03-19 17:49:51 INFO  org.hibernate.hql.internal.ast.ASTQueryTranslatorFactory     - HHH000397: Using ASTQueryTranslatorFactory
2017-03-19 17:49:52 INFO  org.hibernate.tool.hbm2ddl.SchemaExport     - HHH000227: Running hbm2ddl schema export
2017-03-19 17:49:52 INFO  org.hibernate.tool.hbm2ddl.SchemaExport     - HHH000230: Schema export complete
2017-03-19 17:49:52 INFO  org.hibernate.engine.jdbc.connections.internal.DriverManagerConnectionProviderImpl     - HHH000030: Cleaning up connection pool [jdbc:hsqldb:mem:chilidemo]
2017-03-19 17:55:48 INFO  org.hibernate.annotations.common.Version     - HCANN000001: Hibernate Commons Annotations {4.0.5.Final}
2017-03-19 17:55:48 INFO  org.hibernate.Version     - HHH000412: Hibernate Core {4.3.6.Final}
2017-03-19 17:55:48 INFO  org.hibernate.cfg.Environment     - HHH000206: hibernate.properties not found
2017-03-19 17:55:48 INFO  org.hibernate.cfg.Environment     - HHH000021: Bytecode provider name : javassist
2017-03-19 17:55:48 INFO  org.hibernate.cfg.Configuration     - HHH000044: Configuring from URL: file:/D:/WS/eclipsejava/hibernatedemo/target/classes/hibernate.cfg.xml
2017-03-19 17:55:48 WARN  org.hibernate.internal.util.xml.DTDEntityResolver     - HHH000223: Recognized obsolete hibernate namespace http://hibernate.sourceforge.net/. Use namespace http://www.hibernate.org/dtd/ instead. Refer to Hibernate 3.6 Migration Guide!
2017-03-19 17:55:48 INFO  org.hibernate.cfg.Configuration     - HHH000041: Configured SessionFactory: null
2017-03-19 17:55:48 WARN  org.hibernate.engine.jdbc.connections.internal.DriverManagerConnectionProviderImpl     - HHH000402: Using Hibernate built-in connection pool (not for production use!)
2017-03-19 17:55:48 INFO  org.hibernate.engine.jdbc.connections.internal.DriverManagerConnectionProviderImpl     - HHH000401: using driver [org.hsqldb.jdbcDriver] at URL [jdbc:hsqldb:mem:chilidemo]
2017-03-19 17:55:48 INFO  org.hibernate.engine.jdbc.connections.internal.DriverManagerConnectionProviderImpl     - HHH000046: Connection properties: {user=sa, password=****}
2017-03-19 17:55:48 INFO  org.hibernate.engine.jdbc.connections.internal.DriverManagerConnectionProviderImpl     - HHH000006: Autocommit mode: false
2017-03-19 17:55:48 INFO  org.hibernate.engine.jdbc.connections.internal.DriverManagerConnectionProviderImpl     - HHH000115: Hibernate connection pool size: 20 (min=1)
2017-03-19 17:55:48 INFO  org.hibernate.dialect.Dialect     - HHH000400: Using dialect: org.hibernate.dialect.MySQL5Dialect
2017-03-19 17:55:48 INFO  org.hibernate.engine.jdbc.internal.LobCreatorBuilder     - HHH000423: Disabling contextual LOB creation as JDBC driver reported JDBC version [3] less than 4
2017-03-19 17:55:48 INFO  org.hibernate.engine.transaction.internal.TransactionFactoryInitiator     - HHH000399: Using default transaction strategy (direct JDBC transactions)
2017-03-19 17:55:48 INFO  org.hibernate.hql.internal.ast.ASTQueryTranslatorFactory     - HHH000397: Using ASTQueryTranslatorFactory
2017-03-19 17:55:48 INFO  org.hibernate.tool.hbm2ddl.SchemaExport     - HHH000227: Running hbm2ddl schema export
2017-03-19 17:55:48 ERROR org.hibernate.tool.hbm2ddl.SchemaExport     - HHH000389: Unsuccessful: create table USER (ID integer not null auto_increment, EMAIL varchar(100) not null, FIRST_NAME varchar(100) not null, LAST_NAME varchar(100) not null, primary key (ID))
2017-03-19 17:55:48 ERROR org.hibernate.tool.hbm2ddl.SchemaExport     - Unexpected token: AUTO_INCREMENT in statement [create table USER (ID integer not null auto_increment]
2017-03-19 17:55:48 ERROR org.hibernate.tool.hbm2ddl.SchemaExport     - HHH000389: Unsuccessful: alter table USER add constraint UK_ejfk3g58oxsgbb4ju3u4fhivk  unique (EMAIL)
2017-03-19 17:55:48 ERROR org.hibernate.tool.hbm2ddl.SchemaExport     - Table not found: USER in statement [alter table USER]
2017-03-19 17:55:48 INFO  org.hibernate.tool.hbm2ddl.SchemaExport     - HHH000230: Schema export complete
2017-03-19 17:55:48 WARN  org.hibernate.engine.jdbc.spi.SqlExceptionHelper     - SQL Error: -20, SQLState: IM001
2017-03-19 17:55:48 ERROR org.hibernate.engine.jdbc.spi.SqlExceptionHelper     - This function is not supported
2017-03-19 17:58:02 INFO  org.hibernate.annotations.common.Version     - HCANN000001: Hibernate Commons Annotations {4.0.5.Final}
2017-03-19 17:58:02 INFO  org.hibernate.Version     - HHH000412: Hibernate Core {4.3.6.Final}
2017-03-19 17:58:02 INFO  org.hibernate.cfg.Environment     - HHH000206: hibernate.properties not found
2017-03-19 17:58:02 INFO  org.hibernate.cfg.Environment     - HHH000021: Bytecode provider name : javassist
2017-03-19 17:58:02 INFO  org.hibernate.cfg.Configuration     - HHH000044: Configuring from URL: file:/D:/WS/eclipsejava/hibernatedemo/target/classes/hibernate.cfg.xml
2017-03-19 17:58:02 WARN  org.hibernate.internal.util.xml.DTDEntityResolver     - HHH000223: Recognized obsolete hibernate namespace http://hibernate.sourceforge.net/. Use namespace http://www.hibernate.org/dtd/ instead. Refer to Hibernate 3.6 Migration Guide!
2017-03-19 17:58:02 INFO  org.hibernate.cfg.Configuration     - HHH000041: Configured SessionFactory: null
2017-03-19 17:58:02 WARN  org.hibernate.engine.jdbc.connections.internal.DriverManagerConnectionProviderImpl     - HHH000402: Using Hibernate built-in connection pool (not for production use!)
2017-03-19 17:58:02 INFO  org.hibernate.engine.jdbc.connections.internal.DriverManagerConnectionProviderImpl     - HHH000401: using driver [org.hsqldb.jdbcDriver] at URL [jdbc:hsqldb:mem:chilidemo]
2017-03-19 17:58:02 INFO  org.hibernate.engine.jdbc.connections.internal.DriverManagerConnectionProviderImpl     - HHH000046: Connection properties: {user=sa, password=****}
2017-03-19 17:58:02 INFO  org.hibernate.engine.jdbc.connections.internal.DriverManagerConnectionProviderImpl     - HHH000006: Autocommit mode: false
2017-03-19 17:58:02 INFO  org.hibernate.engine.jdbc.connections.internal.DriverManagerConnectionProviderImpl     - HHH000115: Hibernate connection pool size: 20 (min=1)
2017-03-19 17:58:02 INFO  org.hibernate.dialect.Dialect     - HHH000400: Using dialect: org.hibernate.dialect.MySQL5Dialect
2017-03-19 17:58:02 INFO  org.hibernate.engine.jdbc.internal.LobCreatorBuilder     - HHH000423: Disabling contextual LOB creation as JDBC driver reported JDBC version [3] less than 4
2017-03-19 17:58:02 INFO  org.hibernate.engine.transaction.internal.TransactionFactoryInitiator     - HHH000399: Using default transaction strategy (direct JDBC transactions)
2017-03-19 17:58:02 INFO  org.hibernate.hql.internal.ast.ASTQueryTranslatorFactory     - HHH000397: Using ASTQueryTranslatorFactory
2017-03-19 17:58:02 INFO  org.hibernate.tool.hbm2ddl.SchemaUpdate     - HHH000228: Running hbm2ddl schema update
2017-03-19 17:58:02 INFO  org.hibernate.tool.hbm2ddl.SchemaUpdate     - HHH000102: Fetching database metadata
2017-03-19 17:58:02 INFO  org.hibernate.tool.hbm2ddl.SchemaUpdate     - HHH000396: Updating schema
2017-03-19 17:58:02 INFO  java.sql.DatabaseMetaData     - HHH000262: Table not found: USER
2017-03-19 17:58:02 INFO  java.sql.DatabaseMetaData     - HHH000262: Table not found: USER
2017-03-19 17:58:02 INFO  java.sql.DatabaseMetaData     - HHH000262: Table not found: USER
2017-03-19 17:58:02 ERROR org.hibernate.tool.hbm2ddl.SchemaUpdate     - HHH000388: Unsuccessful: create table USER (ID integer not null auto_increment, EMAIL varchar(100) not null, FIRST_NAME varchar(100) not null, LAST_NAME varchar(100) not null, primary key (ID))
2017-03-19 17:58:02 ERROR org.hibernate.tool.hbm2ddl.SchemaUpdate     - Unexpected token: AUTO_INCREMENT in statement [create table USER (ID integer not null auto_increment]
2017-03-19 17:58:02 INFO  org.hibernate.tool.hbm2ddl.SchemaUpdate     - HHH000232: Schema update complete
2017-03-19 17:58:02 WARN  org.hibernate.engine.jdbc.spi.SqlExceptionHelper     - SQL Error: -20, SQLState: IM001
2017-03-19 17:58:02 ERROR org.hibernate.engine.jdbc.spi.SqlExceptionHelper     - This function is not supported
2017-03-19 18:01:05 INFO  org.hibernate.annotations.common.Version     - HCANN000001: Hibernate Commons Annotations {4.0.5.Final}
2017-03-19 18:01:05 INFO  org.hibernate.Version     - HHH000412: Hibernate Core {4.3.6.Final}
2017-03-19 18:01:05 INFO  org.hibernate.cfg.Environment     - HHH000206: hibernate.properties not found
2017-03-19 18:01:05 INFO  org.hibernate.cfg.Environment     - HHH000021: Bytecode provider name : javassist
2017-03-19 18:01:05 INFO  org.hibernate.cfg.Configuration     - HHH000044: Configuring from URL: file:/D:/WS/eclipsejava/hibernatedemo/target/classes/hibernate.cfg.xml
2017-03-19 18:01:05 WARN  org.hibernate.internal.util.xml.DTDEntityResolver     - HHH000223: Recognized obsolete hibernate namespace http://hibernate.sourceforge.net/. Use namespace http://www.hibernate.org/dtd/ instead. Refer to Hibernate 3.6 Migration Guide!
2017-03-19 18:01:05 INFO  org.hibernate.cfg.Configuration     - HHH000041: Configured SessionFactory: null
2017-03-19 18:01:05 WARN  org.hibernate.engine.jdbc.connections.internal.DriverManagerConnectionProviderImpl     - HHH000402: Using Hibernate built-in connection pool (not for production use!)
2017-03-19 18:01:05 INFO  org.hibernate.engine.jdbc.connections.internal.DriverManagerConnectionProviderImpl     - HHH000401: using driver [org.hsqldb.jdbcDriver] at URL [jdbc:hsqldb:mem:chilidemo]
2017-03-19 18:01:05 INFO  org.hibernate.engine.jdbc.connections.internal.DriverManagerConnectionProviderImpl     - HHH000046: Connection properties: {user=sa, password=****}
2017-03-19 18:01:05 INFO  org.hibernate.engine.jdbc.connections.internal.DriverManagerConnectionProviderImpl     - HHH000006: Autocommit mode: false
2017-03-19 18:01:05 INFO  org.hibernate.engine.jdbc.connections.internal.DriverManagerConnectionProviderImpl     - HHH000115: Hibernate connection pool size: 20 (min=1)
2017-03-19 18:01:05 INFO  org.hibernate.dialect.Dialect     - HHH000400: Using dialect: org.hibernate.dialect.MySQL5Dialect
2017-03-19 18:01:05 INFO  org.hibernate.engine.jdbc.internal.LobCreatorBuilder     - HHH000423: Disabling contextual LOB creation as JDBC driver reported JDBC version [3] less than 4
2017-03-19 18:01:05 INFO  org.hibernate.engine.transaction.internal.TransactionFactoryInitiator     - HHH000399: Using default transaction strategy (direct JDBC transactions)
2017-03-19 18:01:05 INFO  org.hibernate.hql.internal.ast.ASTQueryTranslatorFactory     - HHH000397: Using ASTQueryTranslatorFactory
2017-03-19 18:01:05 INFO  org.hibernate.tool.hbm2ddl.SchemaExport     - HHH000227: Running hbm2ddl schema export
2017-03-19 18:01:05 ERROR org.hibernate.tool.hbm2ddl.SchemaExport     - HHH000389: Unsuccessful: create table USER (ID bigint not null auto_increment, EMAIL varchar(100) not null, FIRST_NAME varchar(100) not null, LAST_NAME varchar(100) not null, primary key (ID))
2017-03-19 18:01:05 ERROR org.hibernate.tool.hbm2ddl.SchemaExport     - Unexpected token: AUTO_INCREMENT in statement [create table USER (ID bigint not null auto_increment]
2017-03-19 18:01:05 ERROR org.hibernate.tool.hbm2ddl.SchemaExport     - HHH000389: Unsuccessful: alter table USER add constraint UK_ejfk3g58oxsgbb4ju3u4fhivk  unique (EMAIL)
2017-03-19 18:01:05 ERROR org.hibernate.tool.hbm2ddl.SchemaExport     - Table not found: USER in statement [alter table USER]
2017-03-19 18:01:05 INFO  org.hibernate.tool.hbm2ddl.SchemaExport     - HHH000230: Schema export complete
2017-03-19 18:01:05 WARN  org.hibernate.engine.jdbc.spi.SqlExceptionHelper     - SQL Error: -20, SQLState: IM001
2017-03-19 18:01:05 ERROR org.hibernate.engine.jdbc.spi.SqlExceptionHelper     - This function is not supported
2017-03-19 18:10:23 INFO  org.hibernate.annotations.common.Version     - HCANN000001: Hibernate Commons Annotations {4.0.5.Final}
2017-03-19 18:10:23 INFO  org.hibernate.Version     - HHH000412: Hibernate Core {4.3.6.Final}
2017-03-19 18:10:23 INFO  org.hibernate.cfg.Environment     - HHH000206: hibernate.properties not found
2017-03-19 18:10:23 INFO  org.hibernate.cfg.Environment     - HHH000021: Bytecode provider name : javassist
2017-03-19 18:10:24 INFO  org.hibernate.cfg.Configuration     - HHH000044: Configuring from URL: file:/D:/WS/eclipsejava/hibernatedemo/target/classes/hibernate.cfg.xml
2017-03-19 18:10:24 WARN  org.hibernate.internal.util.xml.DTDEntityResolver     - HHH000223: Recognized obsolete hibernate namespace http://hibernate.sourceforge.net/. Use namespace http://www.hibernate.org/dtd/ instead. Refer to Hibernate 3.6 Migration Guide!
2017-03-19 18:10:24 INFO  org.hibernate.cfg.Configuration     - HHH000041: Configured SessionFactory: null
2017-03-19 18:10:24 WARN  org.hibernate.engine.jdbc.connections.internal.DriverManagerConnectionProviderImpl     - HHH000402: Using Hibernate built-in connection pool (not for production use!)
2017-03-19 18:10:24 INFO  org.hibernate.engine.jdbc.connections.internal.DriverManagerConnectionProviderImpl     - HHH000401: using driver [org.hsqldb.jdbcDriver] at URL [jdbc:hsqldb:mem:chilidemo]
2017-03-19 18:10:24 INFO  org.hibernate.engine.jdbc.connections.internal.DriverManagerConnectionProviderImpl     - HHH000046: Connection properties: {user=sa, password=****}
2017-03-19 18:10:24 INFO  org.hibernate.engine.jdbc.connections.internal.DriverManagerConnectionProviderImpl     - HHH000006: Autocommit mode: false
2017-03-19 18:10:24 INFO  org.hibernate.engine.jdbc.connections.internal.DriverManagerConnectionProviderImpl     - HHH000115: Hibernate connection pool size: 20 (min=1)
2017-03-19 18:10:24 INFO  org.hibernate.dialect.Dialect     - HHH000400: Using dialect: org.hibernate.dialect.MySQL5Dialect
2017-03-19 18:10:24 INFO  org.hibernate.engine.jdbc.internal.LobCreatorBuilder     - HHH000423: Disabling contextual LOB creation as JDBC driver reported JDBC version [3] less than 4
2017-03-19 18:10:24 INFO  org.hibernate.engine.transaction.internal.TransactionFactoryInitiator     - HHH000399: Using default transaction strategy (direct JDBC transactions)
2017-03-19 18:10:24 INFO  org.hibernate.hql.internal.ast.ASTQueryTranslatorFactory     - HHH000397: Using ASTQueryTranslatorFactory
2017-03-19 18:10:24 INFO  org.hibernate.tool.hbm2ddl.SchemaExport     - HHH000227: Running hbm2ddl schema export
2017-03-19 18:10:24 ERROR org.hibernate.tool.hbm2ddl.SchemaExport     - HHH000389: Unsuccessful: create table USER (ID bigint not null auto_increment, EMAIL varchar(100) not null, FIRST_NAME varchar(100) not null, LAST_NAME varchar(100) not null, primary key (ID))
2017-03-19 18:10:24 ERROR org.hibernate.tool.hbm2ddl.SchemaExport     - Unexpected token: AUTO_INCREMENT in statement [create table USER (ID bigint not null auto_increment]
2017-03-19 18:10:24 ERROR org.hibernate.tool.hbm2ddl.SchemaExport     - HHH000389: Unsuccessful: alter table USER add constraint UK_ejfk3g58oxsgbb4ju3u4fhivk  unique (EMAIL)
2017-03-19 18:10:24 ERROR org.hibernate.tool.hbm2ddl.SchemaExport     - Table not found: USER in statement [alter table USER]
2017-03-19 18:10:24 INFO  org.hibernate.tool.hbm2ddl.SchemaExport     - HHH000230: Schema export complete
2017-03-19 18:10:24 WARN  org.hibernate.engine.jdbc.spi.SqlExceptionHelper     - SQL Error: -20, SQLState: IM001
2017-03-19 18:10:24 ERROR org.hibernate.engine.jdbc.spi.SqlExceptionHelper     - This function is not supported
2017-03-19 18:15:12 INFO  org.hibernate.annotations.common.Version     - HCANN000001: Hibernate Commons Annotations {4.0.5.Final}
2017-03-19 18:15:12 INFO  org.hibernate.Version     - HHH000412: Hibernate Core {4.3.6.Final}
2017-03-19 18:15:12 INFO  org.hibernate.cfg.Environment     - HHH000206: hibernate.properties not found
2017-03-19 18:15:12 INFO  org.hibernate.cfg.Environment     - HHH000021: Bytecode provider name : javassist
2017-03-19 18:15:12 INFO  org.hibernate.cfg.Configuration     - HHH000044: Configuring from URL: file:/D:/WS/eclipsejava/hibernatedemo/target/classes/hibernate.cfg.xml
2017-03-19 18:15:12 WARN  org.hibernate.internal.util.xml.DTDEntityResolver     - HHH000223: Recognized obsolete hibernate namespace http://hibernate.sourceforge.net/. Use namespace http://www.hibernate.org/dtd/ instead. Refer to Hibernate 3.6 Migration Guide!
2017-03-19 18:15:12 INFO  org.hibernate.cfg.Configuration     - HHH000041: Configured SessionFactory: null
2017-03-19 18:15:12 WARN  org.hibernate.engine.jdbc.connections.internal.DriverManagerConnectionProviderImpl     - HHH000402: Using Hibernate built-in connection pool (not for production use!)
2017-03-19 18:15:12 INFO  org.hibernate.engine.jdbc.connections.internal.DriverManagerConnectionProviderImpl     - HHH000401: using driver [org.hsqldb.jdbcDriver] at URL [jdbc:hsqldb:mem:chilidemo]
2017-03-19 18:15:12 INFO  org.hibernate.engine.jdbc.connections.internal.DriverManagerConnectionProviderImpl     - HHH000046: Connection properties: {user=sa, password=****}
2017-03-19 18:15:12 INFO  org.hibernate.engine.jdbc.connections.internal.DriverManagerConnectionProviderImpl     - HHH000006: Autocommit mode: false
2017-03-19 18:15:12 INFO  org.hibernate.engine.jdbc.connections.internal.DriverManagerConnectionProviderImpl     - HHH000115: Hibernate connection pool size: 20 (min=1)
2017-03-19 18:15:12 INFO  org.hibernate.dialect.Dialect     - HHH000400: Using dialect: org.hibernate.dialect.MySQL5Dialect
2017-03-19 18:15:12 INFO  org.hibernate.engine.transaction.internal.TransactionFactoryInitiator     - HHH000399: Using default transaction strategy (direct JDBC transactions)
2017-03-19 18:15:12 INFO  org.hibernate.hql.internal.ast.ASTQueryTranslatorFactory     - HHH000397: Using ASTQueryTranslatorFactory
2017-03-19 18:15:12 INFO  org.hibernate.tool.hbm2ddl.SchemaExport     - HHH000227: Running hbm2ddl schema export
2017-03-19 18:15:12 ERROR org.hibernate.tool.hbm2ddl.SchemaExport     - HHH000389: Unsuccessful: create table USER (ID bigint not null auto_increment, EMAIL varchar(100) not null, FIRST_NAME varchar(100) not null, LAST_NAME varchar(100) not null, primary key (ID))
2017-03-19 18:15:12 ERROR org.hibernate.tool.hbm2ddl.SchemaExport     - unexpected token: AUTO_INCREMENT
2017-03-19 18:15:12 ERROR org.hibernate.tool.hbm2ddl.SchemaExport     - HHH000389: Unsuccessful: alter table USER add constraint UK_ejfk3g58oxsgbb4ju3u4fhivk  unique (EMAIL)
2017-03-19 18:15:12 ERROR org.hibernate.tool.hbm2ddl.SchemaExport     - user lacks privilege or object not found: PUBLIC.USER
2017-03-19 18:15:12 INFO  org.hibernate.tool.hbm2ddl.SchemaExport     - HHH000230: Schema export complete
2017-03-19 18:15:12 WARN  org.hibernate.engine.jdbc.spi.SqlExceptionHelper     - SQL Error: -5501, SQLState: 42501
2017-03-19 18:15:12 ERROR org.hibernate.engine.jdbc.spi.SqlExceptionHelper     - user lacks privilege or object not found: USER
2017-03-19 18:28:05 INFO  org.hibernate.Version     - HHH000412: Hibernate Core {5.2.8.Final}
2017-03-19 18:28:05 INFO  org.hibernate.cfg.Environment     - HHH000206: hibernate.properties not found
2017-03-19 18:28:05 WARN  org.hibernate.orm.deprecation     - HHH90000012: Recognized obsolete hibernate namespace http://hibernate.sourceforge.net/hibernate-configuration. Use namespace http://www.hibernate.org/dtd/hibernate-configuration instead.  Support for obsolete DTD/XSD namespaces may be removed at any time.
2017-03-19 18:28:05 INFO  org.hibernate.annotations.common.Version     - HCANN000001: Hibernate Commons Annotations {5.0.1.Final}
2017-03-19 18:28:05 WARN  org.hibernate.orm.connections.pooling     - HHH10001002: Using Hibernate built-in connection pool (not for production use!)
2017-03-19 18:28:05 INFO  org.hibernate.orm.connections.pooling     - HHH10001005: using driver [org.hsqldb.jdbcDriver] at URL [jdbc:hsqldb:mem:chilidemo]
2017-03-19 18:28:05 INFO  org.hibernate.orm.connections.pooling     - HHH10001001: Connection properties: {user=sa, password=****}
2017-03-19 18:28:05 INFO  org.hibernate.orm.connections.pooling     - HHH10001003: Autocommit mode: false
2017-03-19 18:28:05 INFO  org.hibernate.engine.jdbc.connections.internal.DriverManagerConnectionProviderImpl     - HHH000115: Hibernate connection pool size: 20 (min=1)
2017-03-19 18:28:05 INFO  org.hibernate.dialect.Dialect     - HHH000400: Using dialect: org.hibernate.dialect.MySQL5Dialect
2017-03-19 18:28:05 INFO  org.hibernate.tool.schema.internal.SchemaCreatorImpl     - HHH000476: Executing import script 'org.hibernate.tool.schema.internal.exec.ScriptSourceInputNonExistentImpl@6cb6decd'
2017-03-19 18:31:21 INFO  org.hibernate.Version     - HHH000412: Hibernate Core {5.2.8.Final}
2017-03-19 18:31:21 INFO  org.hibernate.cfg.Environment     - HHH000206: hibernate.properties not found
2017-03-19 18:31:21 WARN  org.hibernate.orm.deprecation     - HHH90000012: Recognized obsolete hibernate namespace http://hibernate.sourceforge.net/hibernate-configuration. Use namespace http://www.hibernate.org/dtd/hibernate-configuration instead.  Support for obsolete DTD/XSD namespaces may be removed at any time.
2017-03-19 18:31:21 INFO  org.hibernate.annotations.common.Version     - HCANN000001: Hibernate Commons Annotations {5.0.1.Final}
2017-03-19 18:31:21 WARN  org.hibernate.orm.connections.pooling     - HHH10001002: Using Hibernate built-in connection pool (not for production use!)
2017-03-19 18:31:21 INFO  org.hibernate.orm.connections.pooling     - HHH10001005: using driver [org.hsqldb.jdbcDriver] at URL [jdbc:hsqldb:mem:chilidemo]
2017-03-19 18:31:21 INFO  org.hibernate.orm.connections.pooling     - HHH10001001: Connection properties: {user=sa, password=****}
2017-03-19 18:31:21 INFO  org.hibernate.orm.connections.pooling     - HHH10001003: Autocommit mode: false
2017-03-19 18:31:21 INFO  org.hibernate.engine.jdbc.connections.internal.DriverManagerConnectionProviderImpl     - HHH000115: Hibernate connection pool size: 20 (min=1)
2017-03-19 18:31:21 INFO  org.hibernate.dialect.Dialect     - HHH000400: Using dialect: org.hibernate.dialect.MySQL5Dialect
2017-03-19 18:31:21 INFO  org.hibernate.tool.schema.internal.SchemaCreatorImpl     - HHH000476: Executing import script 'org.hibernate.tool.schema.internal.exec.ScriptSourceInputNonExistentImpl@7357a011'
2017-03-19 18:36:20 INFO  org.hibernate.Version     - HHH000412: Hibernate Core {5.2.8.Final}
2017-03-19 18:36:20 INFO  org.hibernate.cfg.Environment     - HHH000206: hibernate.properties not found
2017-03-19 18:36:20 WARN  org.hibernate.orm.deprecation     - HHH90000012: Recognized obsolete hibernate namespace http://hibernate.sourceforge.net/hibernate-configuration. Use namespace http://www.hibernate.org/dtd/hibernate-configuration instead.  Support for obsolete DTD/XSD namespaces may be removed at any time.
2017-03-19 18:36:20 INFO  org.hibernate.annotations.common.Version     - HCANN000001: Hibernate Commons Annotations {5.0.1.Final}
2017-03-19 18:36:20 WARN  org.hibernate.orm.connections.pooling     - HHH10001002: Using Hibernate built-in connection pool (not for production use!)
2017-03-19 18:36:20 INFO  org.hibernate.orm.connections.pooling     - HHH10001005: using driver [org.hsqldb.jdbcDriver] at URL [jdbc:hsqldb:mem:chilidemo]
2017-03-19 18:36:20 INFO  org.hibernate.orm.connections.pooling     - HHH10001001: Connection properties: {user=sa, password=****}
2017-03-19 18:36:20 INFO  org.hibernate.orm.connections.pooling     - HHH10001003: Autocommit mode: false
2017-03-19 18:36:20 INFO  org.hibernate.engine.jdbc.connections.internal.DriverManagerConnectionProviderImpl     - HHH000115: Hibernate connection pool size: 20 (min=1)
2017-03-19 18:36:20 INFO  org.hibernate.dialect.Dialect     - HHH000400: Using dialect: org.hibernate.dialect.MySQL5Dialect
2017-03-19 18:36:21 INFO  org.hibernate.tool.schema.internal.SchemaCreatorImpl     - HHH000476: Executing import script 'org.hibernate.tool.schema.internal.exec.ScriptSourceInputNonExistentImpl@7e19ebf0'
2017-03-19 18:44:40 INFO  org.hibernate.Version     - HHH000412: Hibernate Core {5.2.8.Final}
2017-03-19 18:44:40 INFO  org.hibernate.cfg.Environment     - HHH000206: hibernate.properties not found
2017-03-19 18:44:41 INFO  org.hibernate.annotations.common.Version     - HCANN000001: Hibernate Commons Annotations {5.0.1.Final}
2017-03-19 18:44:41 WARN  org.hibernate.orm.connections.pooling     - HHH10001002: Using Hibernate built-in connection pool (not for production use!)
2017-03-19 18:44:41 INFO  org.hibernate.orm.connections.pooling     - HHH10001005: using driver [org.hsqldb.jdbcDriver] at URL [jdbc:hsqldb:mem:chilidemo]
2017-03-19 18:44:41 INFO  org.hibernate.orm.connections.pooling     - HHH10001001: Connection properties: {user=sa, password=****}
2017-03-19 18:44:41 INFO  org.hibernate.orm.connections.pooling     - HHH10001003: Autocommit mode: false
2017-03-19 18:44:41 INFO  org.hibernate.engine.jdbc.connections.internal.DriverManagerConnectionProviderImpl     - HHH000115: Hibernate connection pool size: 20 (min=1)
2017-03-19 18:44:41 INFO  org.hibernate.dialect.Dialect     - HHH000400: Using dialect: org.hibernate.dialect.MySQL5Dialect
2017-03-19 18:44:41 INFO  org.hibernate.tool.schema.internal.SchemaCreatorImpl     - HHH000476: Executing import script 'org.hibernate.tool.schema.internal.exec.ScriptSourceInputNonExistentImpl@662706a7'
2017-03-19 18:47:24 INFO  org.hibernate.Version     - HHH000412: Hibernate Core {5.2.8.Final}
2017-03-19 18:47:24 INFO  org.hibernate.cfg.Environment     - HHH000206: hibernate.properties not found
2017-03-19 18:47:24 INFO  org.hibernate.annotations.common.Version     - HCANN000001: Hibernate Commons Annotations {5.0.1.Final}
2017-03-19 18:47:24 WARN  org.hibernate.orm.connections.pooling     - HHH10001002: Using Hibernate built-in connection pool (not for production use!)
2017-03-19 18:47:24 INFO  org.hibernate.orm.connections.pooling     - HHH10001005: using driver [org.hsqldb.jdbcDriver] at URL [jdbc:hsqldb:mem:chilidemo]
2017-03-19 18:47:24 INFO  org.hibernate.orm.connections.pooling     - HHH10001001: Connection properties: {user=sa, password=****}
2017-03-19 18:47:24 INFO  org.hibernate.orm.connections.pooling     - HHH10001003: Autocommit mode: false
2017-03-19 18:47:24 INFO  org.hibernate.engine.jdbc.connections.internal.DriverManagerConnectionProviderImpl     - HHH000115: Hibernate connection pool size: 20 (min=1)
2017-03-19 18:47:24 INFO  org.hibernate.dialect.Dialect     - HHH000400: Using dialect: org.hibernate.dialect.MySQL5Dialect
2017-03-19 18:47:25 INFO  org.hibernate.orm.connections.access     - HHH10001501: Connection obtained from JdbcConnectionAccess [org.hibernate.engine.jdbc.env.internal.JdbcEnvironmentInitiator$ConnectionProviderJdbcConnectionAccess@62f4ff3b] for (non-JTA) DDL execution was not in auto-commit mode; the Connection 'local transaction' will be committed and the Connection will be set into auto-commit mode.
2017-03-19 18:47:25 INFO  org.hibernate.orm.connections.access     - HHH10001501: Connection obtained from JdbcConnectionAccess [org.hibernate.engine.jdbc.env.internal.JdbcEnvironmentInitiator$ConnectionProviderJdbcConnectionAccess@2b5825fa] for (non-JTA) DDL execution was not in auto-commit mode; the Connection 'local transaction' will be committed and the Connection will be set into auto-commit mode.
2017-03-19 18:47:25 INFO  org.hibernate.tool.schema.internal.SchemaCreatorImpl     - HHH000476: Executing import script 'org.hibernate.tool.schema.internal.exec.ScriptSourceInputNonExistentImpl@2fc0cc3'
2017-03-19 18:47:25 INFO  org.hibernate.hql.internal.QueryTranslatorFactoryInitiator     - HHH000397: Using ASTQueryTranslatorFactory
2017-03-19 18:47:25 INFO  org.hibernate.orm.connections.pooling     - HHH10001008: Cleaning up connection pool [jdbc:hsqldb:mem:chilidemo]
2017-03-19 18:47:36 INFO  org.hibernate.Version     - HHH000412: Hibernate Core {5.2.8.Final}
2017-03-19 18:47:36 INFO  org.hibernate.cfg.Environment     - HHH000206: hibernate.properties not found
2017-03-19 18:47:36 INFO  org.hibernate.annotations.common.Version     - HCANN000001: Hibernate Commons Annotations {5.0.1.Final}
2017-03-19 18:47:37 WARN  org.hibernate.orm.connections.pooling     - HHH10001002: Using Hibernate built-in connection pool (not for production use!)
2017-03-19 18:47:37 INFO  org.hibernate.orm.connections.pooling     - HHH10001005: using driver [org.hsqldb.jdbcDriver] at URL [jdbc:hsqldb:mem:chilidemo]
2017-03-19 18:47:37 INFO  org.hibernate.orm.connections.pooling     - HHH10001001: Connection properties: {user=sa, password=****}
2017-03-19 18:47:37 INFO  org.hibernate.orm.connections.pooling     - HHH10001003: Autocommit mode: false
2017-03-19 18:47:37 INFO  org.hibernate.engine.jdbc.connections.internal.DriverManagerConnectionProviderImpl     - HHH000115: Hibernate connection pool size: 20 (min=1)
2017-03-19 18:47:37 INFO  org.hibernate.dialect.Dialect     - HHH000400: Using dialect: org.hibernate.dialect.MySQL5Dialect
2017-03-19 18:47:37 INFO  org.hibernate.orm.connections.access     - HHH10001501: Connection obtained from JdbcConnectionAccess [org.hibernate.engine.jdbc.env.internal.JdbcEnvironmentInitiator$ConnectionProviderJdbcConnectionAccess@5c8eee0f] for (non-JTA) DDL execution was not in auto-commit mode; the Connection 'local transaction' will be committed and the Connection will be set into auto-commit mode.
2017-03-19 18:47:37 INFO  org.hibernate.orm.connections.access     - HHH10001501: Connection obtained from JdbcConnectionAccess [org.hibernate.engine.jdbc.env.internal.JdbcEnvironmentInitiator$ConnectionProviderJdbcConnectionAccess@20a8a64e] for (non-JTA) DDL execution was not in auto-commit mode; the Connection 'local transaction' will be committed and the Connection will be set into auto-commit mode.
2017-03-19 18:47:37 INFO  org.hibernate.tool.schema.internal.SchemaCreatorImpl     - HHH000476: Executing import script 'org.hibernate.tool.schema.internal.exec.ScriptSourceInputNonExistentImpl@2262b621'
2017-03-19 18:47:37 INFO  org.hibernate.hql.internal.QueryTranslatorFactoryInitiator     - HHH000397: Using ASTQueryTranslatorFactory
2017-03-19 18:47:37 INFO  org.hibernate.orm.connections.pooling     - HHH10001008: Cleaning up connection pool [jdbc:hsqldb:mem:chilidemo]
2017-03-19 18:54:38 INFO  org.hibernate.Version     - HHH000412: Hibernate Core {5.2.8.Final}
2017-03-19 18:54:38 INFO  org.hibernate.cfg.Environment     - HHH000206: hibernate.properties not found
2017-03-19 18:54:38 INFO  org.hibernate.annotations.common.Version     - HCANN000001: Hibernate Commons Annotations {5.0.1.Final}
2017-03-19 18:54:38 WARN  org.hibernate.orm.connections.pooling     - HHH10001002: Using Hibernate built-in connection pool (not for production use!)
2017-03-19 18:54:38 INFO  org.hibernate.orm.connections.pooling     - HHH10001005: using driver [org.hsqldb.jdbcDriver] at URL [jdbc:hsqldb:mem:chilidemo]
2017-03-19 18:54:38 INFO  org.hibernate.orm.connections.pooling     - HHH10001001: Connection properties: {user=sa, password=****}
2017-03-19 18:54:38 INFO  org.hibernate.orm.connections.pooling     - HHH10001003: Autocommit mode: false
2017-03-19 18:54:38 INFO  org.hibernate.engine.jdbc.connections.internal.DriverManagerConnectionProviderImpl     - HHH000115: Hibernate connection pool size: 20 (min=1)
2017-03-19 18:54:39 INFO  org.hibernate.dialect.Dialect     - HHH000400: Using dialect: org.hibernate.dialect.MySQL5Dialect
2017-03-19 18:54:39 INFO  org.hibernate.orm.connections.access     - HHH10001501: Connection obtained from JdbcConnectionAccess [org.hibernate.engine.jdbc.env.internal.JdbcEnvironmentInitiator$ConnectionProviderJdbcConnectionAccess@5c8eee0f] for (non-JTA) DDL execution was not in auto-commit mode; the Connection 'local transaction' will be committed and the Connection will be set into auto-commit mode.
2017-03-19 18:54:39 INFO  org.hibernate.orm.connections.access     - HHH10001501: Connection obtained from JdbcConnectionAccess [org.hibernate.engine.jdbc.env.internal.JdbcEnvironmentInitiator$ConnectionProviderJdbcConnectionAccess@20a8a64e] for (non-JTA) DDL execution was not in auto-commit mode; the Connection 'local transaction' will be committed and the Connection will be set into auto-commit mode.
2017-03-19 18:54:39 INFO  org.hibernate.tool.schema.internal.SchemaCreatorImpl     - HHH000476: Executing import script 'org.hibernate.tool.schema.internal.exec.ScriptSourceInputNonExistentImpl@2262b621'
2017-03-19 18:54:39 INFO  org.hibernate.hql.internal.QueryTranslatorFactoryInitiator     - HHH000397: Using ASTQueryTranslatorFactory
2017-03-19 18:54:39 INFO  org.hibernate.orm.connections.pooling     - HHH10001008: Cleaning up connection pool [jdbc:hsqldb:mem:chilidemo]
2017-03-19 18:55:14 INFO  org.hibernate.Version     - HHH000412: Hibernate Core {5.2.8.Final}
2017-03-19 18:55:14 INFO  org.hibernate.cfg.Environment     - HHH000206: hibernate.properties not found
2017-03-19 18:55:14 INFO  org.hibernate.annotations.common.Version     - HCANN000001: Hibernate Commons Annotations {5.0.1.Final}
2017-03-19 18:55:14 WARN  org.hibernate.orm.connections.pooling     - HHH10001002: Using Hibernate built-in connection pool (not for production use!)
2017-03-19 18:55:14 INFO  org.hibernate.orm.connections.pooling     - HHH10001005: using driver [org.hsqldb.jdbcDriver] at URL [jdbc:hsqldb:mem:chilidemo]
2017-03-19 18:55:14 INFO  org.hibernate.orm.connections.pooling     - HHH10001001: Connection properties: {user=sa, password=****}
2017-03-19 18:55:14 INFO  org.hibernate.orm.connections.pooling     - HHH10001003: Autocommit mode: false
2017-03-19 18:55:14 INFO  org.hibernate.engine.jdbc.connections.internal.DriverManagerConnectionProviderImpl     - HHH000115: Hibernate connection pool size: 20 (min=1)
2017-03-19 18:55:14 INFO  org.hibernate.dialect.Dialect     - HHH000400: Using dialect: org.hibernate.dialect.MySQL5Dialect
2017-03-19 18:55:15 INFO  org.hibernate.orm.connections.access     - HHH10001501: Connection obtained from JdbcConnectionAccess [org.hibernate.engine.jdbc.env.internal.JdbcEnvironmentInitiator$ConnectionProviderJdbcConnectionAccess@5c8eee0f] for (non-JTA) DDL execution was not in auto-commit mode; the Connection 'local transaction' will be committed and the Connection will be set into auto-commit mode.
2017-03-19 18:55:15 INFO  org.hibernate.orm.connections.access     - HHH10001501: Connection obtained from JdbcConnectionAccess [org.hibernate.engine.jdbc.env.internal.JdbcEnvironmentInitiator$ConnectionProviderJdbcConnectionAccess@20a8a64e] for (non-JTA) DDL execution was not in auto-commit mode; the Connection 'local transaction' will be committed and the Connection will be set into auto-commit mode.
2017-03-19 18:55:15 INFO  org.hibernate.tool.schema.internal.SchemaCreatorImpl     - HHH000476: Executing import script 'org.hibernate.tool.schema.internal.exec.ScriptSourceInputNonExistentImpl@2262b621'
2017-03-19 18:55:15 INFO  org.hibernate.hql.internal.QueryTranslatorFactoryInitiator     - HHH000397: Using ASTQueryTranslatorFactory
2017-03-19 18:55:15 INFO  org.hibernate.orm.connections.pooling     - HHH10001008: Cleaning up connection pool [jdbc:hsqldb:mem:chilidemo]
2017-03-19 18:55:51 INFO  org.hibernate.Version     - HHH000412: Hibernate Core {5.2.8.Final}
2017-03-19 18:55:51 INFO  org.hibernate.cfg.Environment     - HHH000206: hibernate.properties not found
2017-03-19 18:55:52 INFO  org.hibernate.annotations.common.Version     - HCANN000001: Hibernate Commons Annotations {5.0.1.Final}
2017-03-19 18:55:52 WARN  org.hibernate.orm.connections.pooling     - HHH10001002: Using Hibernate built-in connection pool (not for production use!)
2017-03-19 18:55:52 INFO  org.hibernate.orm.connections.pooling     - HHH10001005: using driver [org.hsqldb.jdbcDriver] at URL [jdbc:hsqldb:mem:chilidemo]
2017-03-19 18:55:52 INFO  org.hibernate.orm.connections.pooling     - HHH10001001: Connection properties: {user=sa, password=****}
2017-03-19 18:55:52 INFO  org.hibernate.orm.connections.pooling     - HHH10001003: Autocommit mode: false
2017-03-19 18:55:52 INFO  org.hibernate.engine.jdbc.connections.internal.DriverManagerConnectionProviderImpl     - HHH000115: Hibernate connection pool size: 20 (min=1)
2017-03-19 18:55:52 INFO  org.hibernate.dialect.Dialect     - HHH000400: Using dialect: org.hibernate.dialect.MySQL5Dialect
2017-03-19 18:55:52 INFO  org.hibernate.orm.connections.access     - HHH10001501: Connection obtained from JdbcConnectionAccess [org.hibernate.engine.jdbc.env.internal.JdbcEnvironmentInitiator$ConnectionProviderJdbcConnectionAccess@5c8eee0f] for (non-JTA) DDL execution was not in auto-commit mode; the Connection 'local transaction' will be committed and the Connection will be set into auto-commit mode.
2017-03-19 18:55:52 INFO  org.hibernate.orm.connections.access     - HHH10001501: Connection obtained from JdbcConnectionAccess [org.hibernate.engine.jdbc.env.internal.JdbcEnvironmentInitiator$ConnectionProviderJdbcConnectionAccess@20a8a64e] for (non-JTA) DDL execution was not in auto-commit mode; the Connection 'local transaction' will be committed and the Connection will be set into auto-commit mode.
2017-03-19 18:55:52 INFO  org.hibernate.tool.schema.internal.SchemaCreatorImpl     - HHH000476: Executing import script 'org.hibernate.tool.schema.internal.exec.ScriptSourceInputNonExistentImpl@2262b621'
2017-03-19 18:55:52 INFO  org.hibernate.hql.internal.QueryTranslatorFactoryInitiator     - HHH000397: Using ASTQueryTranslatorFactory
2017-03-19 18:55:52 INFO  org.hibernate.orm.connections.pooling     - HHH10001008: Cleaning up connection pool [jdbc:hsqldb:mem:chilidemo]
2017-03-19 18:58:06 INFO  org.hibernate.Version     - HHH000412: Hibernate Core {5.2.8.Final}
2017-03-19 18:58:06 INFO  org.hibernate.cfg.Environment     - HHH000206: hibernate.properties not found
2017-03-19 18:58:06 INFO  org.hibernate.annotations.common.Version     - HCANN000001: Hibernate Commons Annotations {5.0.1.Final}
2017-03-19 18:58:06 WARN  org.hibernate.orm.connections.pooling     - HHH10001002: Using Hibernate built-in connection pool (not for production use!)
2017-03-19 18:58:06 INFO  org.hibernate.orm.connections.pooling     - HHH10001005: using driver [org.hsqldb.jdbcDriver] at URL [jdbc:hsqldb:mem:chilidemo]
2017-03-19 18:58:06 INFO  org.hibernate.orm.connections.pooling     - HHH10001001: Connection properties: {user=sa, password=****}
2017-03-19 18:58:06 INFO  org.hibernate.orm.connections.pooling     - HHH10001003: Autocommit mode: false
2017-03-19 18:58:06 INFO  org.hibernate.engine.jdbc.connections.internal.DriverManagerConnectionProviderImpl     - HHH000115: Hibernate connection pool size: 20 (min=1)
2017-03-19 18:58:06 INFO  org.hibernate.dialect.Dialect     - HHH000400: Using dialect: org.hibernate.dialect.MySQL5Dialect
2017-03-19 18:58:07 INFO  org.hibernate.orm.connections.access     - HHH10001501: Connection obtained from JdbcConnectionAccess [org.hibernate.engine.jdbc.env.internal.JdbcEnvironmentInitiator$ConnectionProviderJdbcConnectionAccess@5c8eee0f] for (non-JTA) DDL execution was not in auto-commit mode; the Connection 'local transaction' will be committed and the Connection will be set into auto-commit mode.
2017-03-19 18:58:07 INFO  org.hibernate.orm.connections.access     - HHH10001501: Connection obtained from JdbcConnectionAccess [org.hibernate.engine.jdbc.env.internal.JdbcEnvironmentInitiator$ConnectionProviderJdbcConnectionAccess@20a8a64e] for (non-JTA) DDL execution was not in auto-commit mode; the Connection 'local transaction' will be committed and the Connection will be set into auto-commit mode.
2017-03-19 18:58:07 INFO  org.hibernate.tool.schema.internal.SchemaCreatorImpl     - HHH000476: Executing import script 'org.hibernate.tool.schema.internal.exec.ScriptSourceInputNonExistentImpl@2262b621'
2017-03-19 18:58:07 INFO  org.hibernate.hql.internal.QueryTranslatorFactoryInitiator     - HHH000397: Using ASTQueryTranslatorFactory
2017-03-19 18:58:07 INFO  org.hibernate.orm.connections.pooling     - HHH10001008: Cleaning up connection pool [jdbc:hsqldb:mem:chilidemo]
2017-03-19 18:58:45 INFO  org.hibernate.Version     - HHH000412: Hibernate Core {5.2.8.Final}
2017-03-19 18:58:45 INFO  org.hibernate.cfg.Environment     - HHH000206: hibernate.properties not found
2017-03-19 18:58:45 INFO  org.hibernate.annotations.common.Version     - HCANN000001: Hibernate Commons Annotations {5.0.1.Final}
2017-03-19 18:58:45 WARN  org.hibernate.orm.connections.pooling     - HHH10001002: Using Hibernate built-in connection pool (not for production use!)
2017-03-19 18:58:45 INFO  org.hibernate.orm.connections.pooling     - HHH10001005: using driver [org.hsqldb.jdbcDriver] at URL [jdbc:hsqldb:mem:chilidemo]
2017-03-19 18:58:45 INFO  org.hibernate.orm.connections.pooling     - HHH10001001: Connection properties: {user=sa, password=****}
2017-03-19 18:58:45 INFO  org.hibernate.orm.connections.pooling     - HHH10001003: Autocommit mode: false
2017-03-19 18:58:45 INFO  org.hibernate.engine.jdbc.connections.internal.DriverManagerConnectionProviderImpl     - HHH000115: Hibernate connection pool size: 20 (min=1)
2017-03-19 18:58:45 INFO  org.hibernate.dialect.Dialect     - HHH000400: Using dialect: org.hibernate.dialect.MySQL5Dialect
2017-03-19 18:58:46 INFO  org.hibernate.orm.connections.access     - HHH10001501: Connection obtained from JdbcConnectionAccess [org.hibernate.engine.jdbc.env.internal.JdbcEnvironmentInitiator$ConnectionProviderJdbcConnectionAccess@5c8eee0f] for (non-JTA) DDL execution was not in auto-commit mode; the Connection 'local transaction' will be committed and the Connection will be set into auto-commit mode.
2017-03-19 18:58:46 INFO  org.hibernate.orm.connections.access     - HHH10001501: Connection obtained from JdbcConnectionAccess [org.hibernate.engine.jdbc.env.internal.JdbcEnvironmentInitiator$ConnectionProviderJdbcConnectionAccess@20a8a64e] for (non-JTA) DDL execution was not in auto-commit mode; the Connection 'local transaction' will be committed and the Connection will be set into auto-commit mode.
2017-03-19 18:58:46 INFO  org.hibernate.tool.schema.internal.SchemaCreatorImpl     - HHH000476: Executing import script 'org.hibernate.tool.schema.internal.exec.ScriptSourceInputNonExistentImpl@2262b621'
2017-03-19 18:58:46 INFO  org.hibernate.hql.internal.QueryTranslatorFactoryInitiator     - HHH000397: Using ASTQueryTranslatorFactory
2017-03-19 18:58:46 INFO  org.hibernate.orm.connections.pooling     - HHH10001008: Cleaning up connection pool [jdbc:hsqldb:mem:chilidemo]
2017-03-19 19:04:07 INFO  org.hibernate.Version     - HHH000412: Hibernate Core {5.2.8.Final}
2017-03-19 19:04:07 INFO  org.hibernate.cfg.Environment     - HHH000206: hibernate.properties not found
2017-03-19 19:04:07 INFO  org.hibernate.annotations.common.Version     - HCANN000001: Hibernate Commons Annotations {5.0.1.Final}
2017-03-19 19:04:07 WARN  org.hibernate.orm.connections.pooling     - HHH10001002: Using Hibernate built-in connection pool (not for production use!)
2017-03-19 19:04:07 INFO  org.hibernate.orm.connections.pooling     - HHH10001005: using driver [org.hsqldb.jdbcDriver] at URL [jdbc:hsqldb:mem:chilidemo]
2017-03-19 19:04:07 INFO  org.hibernate.orm.connections.pooling     - HHH10001001: Connection properties: {user=sa, password=****}
2017-03-19 19:04:07 INFO  org.hibernate.orm.connections.pooling     - HHH10001003: Autocommit mode: false
2017-03-19 19:04:07 INFO  org.hibernate.engine.jdbc.connections.internal.DriverManagerConnectionProviderImpl     - HHH000115: Hibernate connection pool size: 20 (min=1)
2017-03-19 19:04:07 INFO  org.hibernate.dialect.Dialect     - HHH000400: Using dialect: org.hibernate.dialect.MySQL5Dialect
2017-03-19 19:04:08 INFO  org.hibernate.orm.connections.access     - HHH10001501: Connection obtained from JdbcConnectionAccess [org.hibernate.engine.jdbc.env.internal.JdbcEnvironmentInitiator$ConnectionProviderJdbcConnectionAccess@5c8eee0f] for (non-JTA) DDL execution was not in auto-commit mode; the Connection 'local transaction' will be committed and the Connection will be set into auto-commit mode.
2017-03-19 19:04:08 INFO  org.hibernate.orm.connections.access     - HHH10001501: Connection obtained from JdbcConnectionAccess [org.hibernate.engine.jdbc.env.internal.JdbcEnvironmentInitiator$ConnectionProviderJdbcConnectionAccess@20a8a64e] for (non-JTA) DDL execution was not in auto-commit mode; the Connection 'local transaction' will be committed and the Connection will be set into auto-commit mode.
2017-03-19 19:04:08 INFO  org.hibernate.tool.schema.internal.SchemaCreatorImpl     - HHH000476: Executing import script 'org.hibernate.tool.schema.internal.exec.ScriptSourceInputNonExistentImpl@2262b621'
2017-03-19 19:04:08 INFO  org.hibernate.hql.internal.QueryTranslatorFactoryInitiator     - HHH000397: Using ASTQueryTranslatorFactory
2017-03-19 19:04:08 INFO  org.hibernate.orm.connections.pooling     - HHH10001008: Cleaning up connection pool [jdbc:hsqldb:mem:chilidemo]
